<?xml version="1.0" encoding="UTF-8"?>
<!-- Generated by org.testng.reporters.JUnitReportReporter -->
<testsuite skipped="0" hostname="DESKTOP-DO14AV3" name="testNGbasics" tests="3" failures="0" timestamp="22 Dec 2018 18:31:39 GMT" time="0.019" errors="0">
  <testcase name="searchpage" time="0.008" classname="testNGbasics"/>
  <testcase name="googletitletest" time="0.005" classname="testNGbasics"/>
  <testcase name="Googlelogotest" time="0.006" classname="testNGbasics"/>
</testsuite> <!-- testNGbasics -->
