<?xml version="1.0" encoding="UTF-8"?>
<!-- Generated by org.testng.reporters.JUnitReportReporter -->
<testsuite skipped="0" hostname="DESKTOP-DO14AV3" name="GoogleTest" tests="3" failures="0" timestamp="01 Jan 2019 19:55:02 GMT" time="31.685" errors="0">
  <testcase name="Googlelogotest" time="15.794" classname="GoogleTest"/>
  <testcase name="googletitletest" time="7.918" classname="GoogleTest"/>
  <testcase name="Maillinktest" time="7.973" classname="GoogleTest"/>
</testsuite> <!-- GoogleTest -->
